0 info it worked if it ends with ok
1 verbose cli [ '/usr/bin/node', '/usr/bin/npm', 'run', 'react-devtools' ]
2 info using npm@3.5.2
3 info using node@v8.10.0
4 verbose run-script [ 'prereact-devtools', 'react-devtools', 'postreact-devtools' ]
5 info lifecycle FoodApp@0.0.1~prereact-devtools: FoodApp@0.0.1
6 silly lifecycle FoodApp@0.0.1~prereact-devtools: no script for prereact-devtools, continuing
7 info lifecycle FoodApp@0.0.1~react-devtools: FoodApp@0.0.1
8 verbose lifecycle FoodApp@0.0.1~react-devtools: unsafe-perm in lifecycle true
9 verbose lifecycle FoodApp@0.0.1~react-devtools: PATH: /usr/share/npm/bin/node-gyp-bin:/home/sachin/Documents/sqr/foodApp/node_modules/.bin:/usr/local/sbin:/usr/local/bin:/usr/sbin:/usr/bin:/sbin:/bin:/snap/bin
10 verbose lifecycle FoodApp@0.0.1~react-devtools: CWD: /home/sachin/Documents/sqr/foodApp
11 silly lifecycle FoodApp@0.0.1~react-devtools: Args: [ '-c', 'react-devtools' ]
12 info lifecycle FoodApp@0.0.1~react-devtools: Failed to exec react-devtools script
13 verbose stack Error: FoodApp@0.0.1 react-devtools: `react-devtools`
13 verbose stack spawn ENOENT
13 verbose stack     at ChildProcess.<anonymous> (/usr/share/npm/lib/utils/spawn.js:17:16)
13 verbose stack     at emitTwo (events.js:126:13)
13 verbose stack     at ChildProcess.emit (events.js:214:7)
13 verbose stack     at maybeClose (internal/child_process.js:925:16)
13 verbose stack     at Process.ChildProcess._handle.onexit (internal/child_process.js:209:5)
14 verbose pkgid FoodApp@0.0.1
15 verbose cwd /home/sachin/Documents/sqr/foodApp
16 error Linux 4.18.0-20-generic
17 error argv "/usr/bin/node" "/usr/bin/npm" "run" "react-devtools"
18 error node v8.10.0
19 error npm  v3.5.2
20 error file sh
21 error code ELIFECYCLE
22 error errno ENOENT
23 error syscall spawn
24 error FoodApp@0.0.1 react-devtools: `react-devtools`
24 error spawn ENOENT
25 error Failed at the FoodApp@0.0.1 react-devtools script 'react-devtools'.
25 error Make sure you have the latest version of node.js and npm installed.
25 error If you do, this is most likely a problem with the FoodApp package,
25 error not with npm itself.
25 error Tell the author that this fails on your system:
25 error     react-devtools
25 error You can get information on how to open an issue for this project with:
25 error     npm bugs FoodApp
25 error Or if that isn't available, you can get their info via:
25 error     npm owner ls FoodApp
25 error There is likely additional logging output above.
26 verbose exit [ 1, true ]
